<?xml version="1.0" encoding="UTF-8"?>
<!-- Generated by org.testng.reporters.JUnitReportReporter -->
<testsuite skipped="0" hostname="NgocLaptop" name="testCases.TC_VerifySoccerBet" tests="1" failures="0" timestamp="25 Oct 2017 07:28:58 GMT" time="20.815" errors="0">
  <testcase name="TC_OddEvenTotalGoal" time="20.815" classname="testCases.TC_VerifySoccerBet"/>
</testsuite> <!-- testCases.TC_VerifySoccerBet -->
